<?xml version='1.0' encoding='utf-8'?>
<testsuite name="RobotmkBridgeTests" tests="3" time="2.500" timestamp="2026-06-24T08:09:22" failures="0" errors="0" skipped="0">
  <testcase classname="tests.example.TestSuite1" name="test_example_1" time="0.961">
    <system-out>Test 1 executed successfully with no warnings</system-out>
  </testcase>
  <testcase classname="tests.example.TestSuite1" name="test_example_2" time="0.677" />
  <testcase classname="tests.example.TestSuite1" name="test_example_3" time="0.939">
    <system-out>Test 3 executed successfully with no warnings</system-out>
  </testcase>
</testsuite>